{
  "RSpec": {
    "coverage": {
      "/Users/elreybelmonti/Desktop/epicodus-lessons/Rails/mario_products/spec/features/add_product_pages_spec.rb": [
        1,
        null,
        null,
        1,
        null,
        null,
        1,
        1,
        1,
        0,
        0,
        0,
        0,
        0,
        null,
        null,
        1,
        1,
        1,
        1,
        1,
        1,
        1,
        null,
        null,
        1,
        1,
        1,
        1,
        1,
        1,
        1,
        null,
        null,
        1,
        1,
        1,
        1,
        1,
        1,
        1,
        null,
        null
      ],
      "/Users/elreybelmonti/Desktop/epicodus-lessons/Rails/mario_products/spec/rails_helper.rb": [
        null,
        1,
        1,
        1,
        null,
        1,
        1,
        1,
        null,
        null,
        null,
        null,
        null,
        null,
        null,
        null,
        null,
        null,
        null,
        null,
        null,
        null,
        null,
        null,
        null,
        null,
        null,
        1,
        null,
        1,
        null,
        1,
        null,
        null,
        null,
        null,
        1,
        null,
        null,
        null,
        null,
        null,
        null,
        null,
        null,
        null,
        null,
        null,
        null,
        null,
        null,
        1,
        null,
        null,
        1,
        null,
        null,
        null,
        1,
        1,
        1,
        1,
        null,
        null,
        null
      ],
      "/Users/elreybelmonti/Desktop/epicodus-lessons/Rails/mario_products/config/environment.rb": [
        null,
        1,
        null,
        null,
        1
      ],
      "/Users/elreybelmonti/Desktop/epicodus-lessons/Rails/mario_products/config/application.rb": [
        1,
        null,
        1,
        null,
        1,
        1,
        1,
        1,
        1,
        1,
        1,
        1,
        null,
        null,
        null,
        null,
        1,
        null,
        1,
        1,
        null,
        null,
        null,
        null,
        null,
        null,
        null,
        null,
        1,
        null,
        null
      ],
      "/Users/elreybelmonti/Desktop/epicodus-lessons/Rails/mario_products/config/boot.rb": [
        1,
        null,
        1
      ],
      "/Users/elreybelmonti/Desktop/epicodus-lessons/Rails/mario_products/config/environments/test.rb": [
        1,
        null,
        null,
        null,
        null,
        null,
        null,
        1,
        null,
        null,
        null,
        null,
        1,
        null,
        null,
        1,
        1,
        null,
        null,
        null,
        null,
        1,
        1,
        null,
        null,
        1,
        null,
        null,
        1,
        1,
        null,
        null,
        null,
        null,
        1,
        null,
        null,
        1,
        null,
        null,
        null,
        null
      ],
      "/Users/elreybelmonti/Desktop/epicodus-lessons/Rails/mario_products/config/initializers/application_controller_renderer.rb": [
        null,
        null,
        null,
        null,
        null,
        null,
        null,
        null
      ],
      "/Users/elreybelmonti/Desktop/epicodus-lessons/Rails/mario_products/config/initializers/assets.rb": [
        null,
        null,
        null,
        1,
        null,
        null,
        null,
        null,
        1,
        null,
        null,
        null,
        null,
        null
      ],
      "/Users/elreybelmonti/Desktop/epicodus-lessons/Rails/mario_products/config/initializers/backtrace_silencers.rb": [
        null,
        null,
        null,
        null,
        null,
        null,
        null
      ],
      "/Users/elreybelmonti/Desktop/epicodus-lessons/Rails/mario_products/config/initializers/cookies_serializer.rb": [
        null,
        null,
        null,
        null,
        1
      ],
      "/Users/elreybelmonti/Desktop/epicodus-lessons/Rails/mario_products/config/initializers/filter_parameter_logging.rb": [
        null,
        null,
        null,
        1
      ],
      "/Users/elreybelmonti/Desktop/epicodus-lessons/Rails/mario_products/config/initializers/inflections.rb": [
        null,
        null,
        null,
        null,
        null,
        null,
        null,
        null,
        null,
        null,
        null,
        null,
        null,
        null,
        null,
        null
      ],
      "/Users/elreybelmonti/Desktop/epicodus-lessons/Rails/mario_products/config/initializers/mime_types.rb": [
        null,
        null,
        null,
        null
      ],
      "/Users/elreybelmonti/Desktop/epicodus-lessons/Rails/mario_products/config/initializers/wrap_parameters.rb": [
        null,
        null,
        null,
        null,
        null,
        null,
        1,
        2,
        null,
        null,
        null,
        null,
        null,
        null
      ],
      "/Users/elreybelmonti/Desktop/epicodus-lessons/Rails/mario_products/app/channels/application_cable/channel.rb": [
        1,
        1,
        null,
        null
      ],
      "/Users/elreybelmonti/Desktop/epicodus-lessons/Rails/mario_products/app/channels/application_cable/connection.rb": [
        1,
        1,
        null,
        null
      ],
      "/Users/elreybelmonti/Desktop/epicodus-lessons/Rails/mario_products/app/controllers/application_controller.rb": [
        1,
        1,
        1,
        null,
        1,
        39,
        0,
        null,
        null,
        null,
        1,
        0,
        0,
        0,
        null,
        null,
        null
      ],
      "/Users/elreybelmonti/Desktop/epicodus-lessons/Rails/mario_products/app/helpers/application_helper.rb": [
        1,
        null
      ],
      "/Users/elreybelmonti/Desktop/epicodus-lessons/Rails/mario_products/app/controllers/products_controller.rb": [
        1,
        null,
        1,
        1,
        1,
        1,
        1,
        1,
        null,
        null,
        1,
        10,
        10,
        null,
        null,
        1,
        3,
        null,
        null,
        1,
        3,
        3,
        null,
        3,
        3,
        3,
        0,
        0,
        null,
        3,
        3,
        null,
        null,
        null,
        1,
        0,
        null,
        null,
        1,
        0,
        0,
        0,
        0,
        null,
        0,
        0,
        null,
        null,
        null,
        1,
        0,
        0,
        0,
        null,
        null,
        null,
        1,
        null,
        1,
        3,
        null,
        null,
        null
      ],
      "/Users/elreybelmonti/Desktop/epicodus-lessons/Rails/mario_products/app/controllers/reviews_controller.rb": [
        1,
        null,
        1,
        0,
        null,
        null,
        1,
        4,
        4,
        null,
        null,
        1,
        4,
        4,
        4,
        1,
        1,
        null,
        3,
        3,
        null,
        null,
        null,
        1,
        0,
        0,
        null,
        null,
        1,
        0,
        0,
        0,
        0,
        0,
        null,
        0,
        0,
        null,
        null,
        null,
        1,
        0,
        0,
        0,
        0,
        null,
        null,
        null,
        1,
        null,
        1,
        4,
        null,
        null,
        null
      ],
      "/Users/elreybelmonti/Desktop/epicodus-lessons/Rails/mario_products/app/controllers/sessions_controller.rb": [
        1,
        1,
        0,
        0,
        0,
        0,
        0,
        null,
        0,
        0,
        null,
        null,
        null,
        1,
        0,
        0,
        0,
        null,
        null
      ],
      "/Users/elreybelmonti/Desktop/epicodus-lessons/Rails/mario_products/app/controllers/users_controller.rb": [
        1,
        null,
        1,
        0,
        null,
        null,
        1,
        0,
        0,
        0,
        0,
        0,
        null,
        0,
        0,
        null,
        null,
        null,
        1,
        null,
        1,
        0,
        null,
        null
      ],
      "/Users/elreybelmonti/Desktop/epicodus-lessons/Rails/mario_products/app/jobs/application_job.rb": [
        1,
        null
      ],
      "/Users/elreybelmonti/Desktop/epicodus-lessons/Rails/mario_products/app/mailers/application_mailer.rb": [
        1,
        1,
        1,
        null
      ],
      "/Users/elreybelmonti/Desktop/epicodus-lessons/Rails/mario_products/app/models/application_record.rb": [
        1,
        1,
        null
      ],
      "/Users/elreybelmonti/Desktop/epicodus-lessons/Rails/mario_products/app/models/product.rb": [
        1,
        1,
        null,
        1,
        null,
        3,
        null,
        3,
        null,
        1,
        2,
        1,
        1,
        null,
        null,
        null,
        1,
        11,
        11,
        4,
        5,
        null,
        4,
        null,
        7,
        null,
        null,
        null,
        1,
        1,
        1,
        null,
        null,
        1,
        null,
        1,
        1,
        1,
        null,
        null,
        1,
        3,
        9,
        3,
        null,
        null,
        1,
        3,
        3,
        6,
        6,
        null,
        null,
        null,
        1,
        3,
        3,
        null,
        null,
        null
      ],
      "/Users/elreybelmonti/Desktop/epicodus-lessons/Rails/mario_products/app/models/review.rb": [
        1,
        1,
        null,
        1,
        1,
        1,
        null,
        13,
        null,
        null
      ],
      "/Users/elreybelmonti/Desktop/epicodus-lessons/Rails/mario_products/app/models/user.rb": [
        1,
        1,
        1,
        1,
        null,
        1,
        1,
        null,
        1,
        0,
        0,
        null,
        null,
        1,
        0,
        0,
        0,
        null,
        null,
        null,
        null,
        null,
        1,
        null,
        null
      ],
      "/Users/elreybelmonti/Desktop/epicodus-lessons/Rails/mario_products/config/routes.rb": [
        1,
        1,
        null,
        1,
        1,
        null,
        1,
        1,
        1,
        null,
        1,
        1,
        null,
        null,
        null
      ],
      "/Users/elreybelmonti/Desktop/epicodus-lessons/Rails/mario_products/spec/features/add_review_pages_spec.rb": [
        1,
        null,
        1,
        1,
        1,
        1,
        1,
        1,
        1,
        1,
        1,
        1,
        null,
        null,
        1,
        1,
        1,
        1,
        1,
        1,
        1,
        1,
        1,
        null,
        null,
        1,
        1,
        1,
        1,
        1,
        1,
        1,
        1,
        1,
        null,
        null,
        1,
        1,
        1,
        1,
        1,
        1,
        1,
        1,
        1,
        null,
        null
      ],
      "/Users/elreybelmonti/Desktop/epicodus-lessons/Rails/mario_products/spec/features/delete_product_pages_spec.rb": [
        1,
        null,
        1,
        1,
        1,
        1,
        1,
        0,
        null,
        null
      ],
      "/Users/elreybelmonti/Desktop/epicodus-lessons/Rails/mario_products/spec/features/delete_review_pages_spec.rb": [
        1,
        null,
        1,
        1,
        1,
        1,
        1,
        1,
        0,
        null,
        null
      ],
      "/Users/elreybelmonti/Desktop/epicodus-lessons/Rails/mario_products/spec/features/edit_product_pages_spec.rb": [
        1,
        1,
        null,
        null,
        1,
        1,
        1,
        1,
        0,
        0,
        0,
        0,
        0,
        null,
        null,
        1,
        1,
        1,
        1,
        0,
        0,
        0,
        null,
        null
      ],
      "/Users/elreybelmonti/Desktop/epicodus-lessons/Rails/mario_products/spec/features/edit_review_pages_spec.rb": [
        1,
        null,
        1,
        1,
        1,
        1,
        1,
        1,
        0,
        0,
        0,
        null,
        null
      ],
      "/Users/elreybelmonti/Desktop/epicodus-lessons/Rails/mario_products/spec/models/product_spec.rb": [
        1,
        null,
        1,
        null,
        2,
        2,
        2,
        null,
        1,
        1,
        1,
        null,
        null,
        1,
        1,
        1,
        null,
        null,
        1,
        1,
        1,
        null,
        null,
        1,
        1,
        1,
        1,
        1,
        null,
        null,
        1,
        1,
        1,
        1,
        1,
        1,
        1,
        null,
        null,
        1,
        1,
        1,
        null,
        1,
        1,
        1,
        null,
        1,
        null,
        null,
        1,
        1,
        null,
        1,
        1,
        null,
        1,
        null,
        null,
        null
      ],
      "/Users/elreybelmonti/Desktop/epicodus-lessons/Rails/mario_products/spec/models/review_spec.rb": [
        1,
        null,
        1,
        2,
        2,
        2,
        null,
        1,
        1,
        1,
        1,
        null,
        1,
        1,
        1,
        null,
        1,
        null,
        null,
        null
      ]
    },
    "timestamp": 1511893073
  }
}
